<?xml version="1.0" encoding="UTF-8"?>
<!-- Generated by org.testng.reporters.JUnitXMLReporter -->
<testsuite hostname="LAPTOP-1TOLL2MH" ignored="0" name="Test" tests="10" failures="0" timestamp="2022-05-19T10:00:06 IST" time="30.132" errors="0">
  <testcase name="@BeforeClass setup" time="29.445" classname="Hybrid.Baseclass">
    <failure type="org.openqa.selenium.SessionNotCreatedException" message="session not created
from disconnected: unable to send message to renderer
  (Session info: chrome=101.0.4951.67)
Build info: version: &amp;apos;3.141.59&amp;apos;, revision: &amp;apos;e82be7d358&amp;apos;, time: &amp;apos;2018-11-14T08:17:03&amp;apos;
System info: host: &amp;apos;LAPTOP-1TOLL2MH&amp;apos;, ip: &amp;apos;192.168.53.108&amp;apos;, os.name: &amp;apos;Windows 10&amp;apos;, os.arch: &amp;apos;amd64&amp;apos;, os.version: &amp;apos;10.0&amp;apos;, java.version: &amp;apos;1.8.0_202&amp;apos;
Driver info: driver.version: ChromeDriver
remote stacktrace: Backtrace:
	Ordinal0 [0x00ACB8F3+2406643]
	Ordinal0 [0x00A5AF31+1945393]
	Ordinal0 [0x0094C748+837448]
	Ordinal0 [0x0093C9B3+772531]
	Ordinal0 [0x0093CC9D+773277]
	Ordinal0 [0x0093C3E5+771045]
	Ordinal0 [0x00937C5D+752733]
	Ordinal0 [0x0093C395+770965]
	Ordinal0 [0x0093C120+770336]
	Ordinal0 [0x0093BE69+769641]
	Ordinal0 [0x0094DAC0+842432]
	Ordinal0 [0x00999F79+1154937]
	Ordinal0 [0x00998B3A+1149754]
	Ordinal0 [0x00994096+1130646]
	Ordinal0 [0x0096E636+976438]
	Ordinal0 [0x0096F546+980294]
	GetHandleVerifier [0x00D39612+2498066]
	GetHandleVerifier [0x00D2C920+2445600]
	GetHandleVerifier [0x00B64F2A+579370]
	GetHandleVerifier [0x00B63D36+574774]
	Ordinal0 [0x00A61C0B+1973259]
	Ordinal0 [0x00A66688+1992328]
	Ordinal0 [0x00A66775+1992565]
	Ordinal0 [0x00A6F8D1+2029777]
	BaseThreadInitThunk [0x7649FA29+25]
	RtlGetAppContainerNamedObjectPath [0x777E7A9E+286]
	RtlGetAppContainerNamedObjectPath [0x777E7A6E+238]
">
      <![CDATA[org.openqa.selenium.SessionNotCreatedException: session not created
from disconnected: unable to send message to renderer
  (Session info: chrome=101.0.4951.67)
Build info: version: '3.141.59', revision: 'e82be7d358', time: '2018-11-14T08:17:03'
System info: host: 'LAPTOP-1TOLL2MH', ip: '192.168.53.108', os.name: 'Windows 10', os.arch: 'amd64', os.version: '10.0', java.version: '1.8.0_202'
Driver info: driver.version: ChromeDriver
remote stacktrace: Backtrace:
Ordinal0 [0x00ACB8F3+2406643]
Ordinal0 [0x00A5AF31+1945393]
Ordinal0 [0x0094C748+837448]
Ordinal0 [0x0093C9B3+772531]
Ordinal0 [0x0093CC9D+773277]
Ordinal0 [0x0093C3E5+771045]
Ordinal0 [0x00937C5D+752733]
Ordinal0 [0x0093C395+770965]
Ordinal0 [0x0093C120+770336]
Ordinal0 [0x0093BE69+769641]
Ordinal0 [0x0094DAC0+842432]
Ordinal0 [0x00999F79+1154937]
Ordinal0 [0x00998B3A+1149754]
Ordinal0 [0x00994096+1130646]
Ordinal0 [0x0096E636+976438]
Ordinal0 [0x0096F546+980294]
GetHandleVerifier [0x00D39612+2498066]
GetHandleVerifier [0x00D2C920+2445600]
GetHandleVerifier [0x00B64F2A+579370]
GetHandleVerifier [0x00B63D36+574774]
Ordinal0 [0x00A61C0B+1973259]
Ordinal0 [0x00A66688+1992328]
Ordinal0 [0x00A66775+1992565]
Ordinal0 [0x00A6F8D1+2029777]
BaseThreadInitThunk [0x7649FA29+25]
RtlGetAppContainerNamedObjectPath [0x777E7A9E+286]
RtlGetAppContainerNamedObjectPath [0x777E7A6E+238]

at org.openqa.selenium.remote.W3CHandshakeResponse.lambda$errorHandler$0(W3CHandshakeResponse.java:62)
at org.openqa.selenium.remote.HandshakeResponse.lambda$getResponseFunction$0(HandshakeResponse.java:30)
at org.openqa.selenium.remote.ProtocolHandshake.lambda$createSession$0(ProtocolHandshake.java:126)
at java.util.stream.ReferencePipeline$3$1.accept(ReferencePipeline.java:193)
at java.util.Spliterators$ArraySpliterator.tryAdvance(Spliterators.java:958)
at java.util.stream.ReferencePipeline.forEachWithCancel(ReferencePipeline.java:126)
at java.util.stream.AbstractPipeline.copyIntoWithCancel(AbstractPipeline.java:498)
at java.util.stream.AbstractPipeline.copyInto(AbstractPipeline.java:485)
at java.util.stream.AbstractPipeline.wrapAndCopyInto(AbstractPipeline.java:471)
at java.util.stream.FindOps$FindOp.evaluateSequential(FindOps.java:152)
at java.util.stream.AbstractPipeline.evaluate(AbstractPipeline.java:234)
at java.util.stream.ReferencePipeline.findFirst(ReferencePipeline.java:464)
at org.openqa.selenium.remote.ProtocolHandshake.createSession(ProtocolHandshake.java:128)
at org.openqa.selenium.remote.ProtocolHandshake.createSession(ProtocolHandshake.java:74)
at org.openqa.selenium.remote.HttpCommandExecutor.execute(HttpCommandExecutor.java:136)
at org.openqa.selenium.remote.service.DriverCommandExecutor.execute(DriverCommandExecutor.java:83)
at org.openqa.selenium.remote.RemoteWebDriver.execute(RemoteWebDriver.java:552)
at org.openqa.selenium.remote.RemoteWebDriver.startSession(RemoteWebDriver.java:213)
at org.openqa.selenium.remote.RemoteWebDriver.<init>(RemoteWebDriver.java:131)
at org.openqa.selenium.chrome.ChromeDriver.<init>(ChromeDriver.java:181)
at org.openqa.selenium.chrome.ChromeDriver.<init>(ChromeDriver.java:168)
at org.openqa.selenium.chrome.ChromeDriver.<init>(ChromeDriver.java:123)
at Hybrid.BrowserFactory.startApplication(BrowserFactory.java:18)
at Hybrid.Baseclass.setup(Baseclass.java:47)
at java.util.ArrayList.forEach(ArrayList.java:1257)
... Removed 29 stack frames]]>
    </failure>
  </testcase> <!-- @BeforeClass setup -->
  <testcase name="@AfterMethod terdown" time="-1.652934605755E9" classname="Hybrid.Baseclass">
    <skipped/>
  </testcase> <!-- @AfterMethod terdown -->
  <testcase name="@AfterMethod terdown" time="-1.652934605789E9" classname="Hybrid.Baseclass">
    <skipped/>
  </testcase> <!-- @AfterMethod terdown -->
  <testcase name="@AfterMethod terdown" time="-1.65293460581E9" classname="Hybrid.Baseclass">
    <skipped/>
  </testcase> <!-- @AfterMethod terdown -->
  <testcase name="@AfterMethod terdown" time="-1.652934605828E9" classname="Hybrid.Baseclass">
    <skipped/>
  </testcase> <!-- @AfterMethod terdown -->
  <testcase name="@AfterMethod terdown" time="-1.652934605856E9" classname="Hybrid.Baseclass">
    <skipped/>
  </testcase> <!-- @AfterMethod terdown -->
  <testcase name="@AfterMethod terdown" time="-1.652934605882E9" classname="Hybrid.Baseclass">
    <skipped/>
  </testcase> <!-- @AfterMethod terdown -->
  <testcase name="@AfterMethod terdown" time="-1.652934605938E9" classname="Hybrid.Baseclass">
    <skipped/>
  </testcase> <!-- @AfterMethod terdown -->
  <testcase name="@AfterMethod terdown" time="-1.652934605976E9" classname="Hybrid.Baseclass">
    <skipped/>
  </testcase> <!-- @AfterMethod terdown -->
  <testcase name="@AfterMethod terdown" time="-1.652934606012E9" classname="Hybrid.Baseclass">
    <skipped/>
  </testcase> <!-- @AfterMethod terdown -->
  <testcase name="@AfterMethod terdown" time="-1.652934606037E9" classname="Hybrid.Baseclass">
    <skipped/>
  </testcase> <!-- @AfterMethod terdown -->
  <testcase name="@AfterClass teardown" time="-1.652934606044E9" classname="Hybrid.Baseclass">
    <skipped/>
  </testcase> <!-- @AfterClass teardown -->
  <testcase name="loginApp" time="0.0" classname="Hybrid.logincrm">
    <skipped/>
  </testcase> <!-- loginApp -->
  <testcase name="signupapp" time="0.0" classname="Hybrid.logincrm">
    <skipped/>
  </testcase> <!-- signupapp -->
  <testcase name="searchupapp" time="0.0" classname="Hybrid.logincrm">
    <skipped/>
  </testcase> <!-- searchupapp -->
  <testcase name="Bedapp" time="0.0" classname="Hybrid.logincrm">
    <skipped/>
  </testcase> <!-- Bedapp -->
  <testcase name="Bedappcart" time="0.0" classname="Hybrid.logincrm">
    <skipped/>
  </testcase> <!-- Bedappcart -->
  <testcase name="assertions" time="0.0" classname="Hybrid.logincrm">
    <skipped/>
  </testcase> <!-- assertions -->
  <testcase name="tvappcart" time="0.0" classname="Hybrid.logincrm">
    <skipped/>
  </testcase> <!-- tvappcart -->
  <testcase name="studyapp" time="0.0" classname="Hybrid.logincrm">
    <skipped/>
  </testcase> <!-- studyapp -->
  <testcase name="aboutapp" time="0.0" classname="Hybrid.logincrm">
    <skipped/>
  </testcase> <!-- aboutapp -->
  <testcase name="infoapp" time="0.0" classname="Hybrid.logincrm">
    <skipped/>
  </testcase> <!-- infoapp -->
</testsuite> <!-- Test -->
